<?xml version="1.0" encoding="UTF-8"?>
<!-- Generated by org.testng.reporters.JUnitXMLReporter -->
<testsuite hostname="auhumanpc" ignored="3" name="Test" tests="3" failures="0" timestamp="11 Feb 2020 19:28:43 GMT" time="73.953" errors="0">
  <testcase name="ForgotPassword4A" time="1.239" classname="com.salesfoce.qa.testcase.ForgotPAssword"/>
  <testcase name="dropDown" time="14.452" classname="com.salesfoce.qa.testcase.MainPageTest"/>
  <testcase name="NavigatetoSFDC" time="11.095" classname="com.salesfoce.qa.testcase.LoginTest"/>
  <testcase name="LogintoSFDCC" time="0.0" classname="com.salesfoce.qa.testcase.LoginTest">
    <ignored/>
  </testcase> <!-- LogintoSFDCC -->
  <testcase name="ForgotPassword4B" time="0.0" classname="com.salesfoce.qa.testcase.LoginTest">
    <ignored/>
  </testcase> <!-- ForgotPassword4B -->
  <testcase name="CheckRemeberMe3" time="0.0" classname="com.salesfoce.qa.testcase.LoginTest">
    <ignored/>
  </testcase> <!-- CheckRemeberMe3 -->
</testsuite> <!-- Test -->
