<?xml version="1.0" encoding="UTF-8"?>
<testng-results skipped="0" failed="0" ignored="3" total="6" passed="3">
  <reporter-output>
  </reporter-output>
  <suite name="Suite" duration-ms="73953" started-at="2020-02-11T19:27:29Z" finished-at="2020-02-11T19:28:43Z">
    <groups>
    </groups>
    <test name="Test" duration-ms="73953" started-at="2020-02-11T19:27:29Z" finished-at="2020-02-11T19:28:43Z">
      <class name="com.salesfoce.qa.testcase.ForgotPAssword">
        <test-method status="PASS" signature="setup()[pri:0, instance:com.salesfoce.qa.testcase.ForgotPAssword@4b168fa9]" name="setup" is-config="true" duration-ms="14640" started-at="2020-02-11T19:27:29Z" finished-at="2020-02-11T19:27:44Z">
          <reporter-output>
          </reporter-output>
        </test-method> <!-- setup -->
        <test-method status="PASS" signature="ForgotPassword4A()[pri:0, instance:com.salesfoce.qa.testcase.ForgotPAssword@4b168fa9]" name="ForgotPassword4A" duration-ms="1239" started-at="2020-02-11T19:27:44Z" finished-at="2020-02-11T19:27:45Z">
          <reporter-output>
          </reporter-output>
        </test-method> <!-- ForgotPassword4A -->
        <test-method status="PASS" signature="tearDown()[pri:0, instance:com.salesfoce.qa.testcase.ForgotPAssword@4b168fa9]" name="tearDown" is-config="true" duration-ms="1333" started-at="2020-02-11T19:27:45Z" finished-at="2020-02-11T19:27:46Z">
          <reporter-output>
          </reporter-output>
        </test-method> <!-- tearDown -->
      </class> <!-- com.salesfoce.qa.testcase.ForgotPAssword -->
      <class name="com.salesfoce.qa.testcase.MainPageTest">
        <test-method status="PASS" signature="setup()[pri:0, instance:com.salesfoce.qa.testcase.MainPageTest@1a84f40f]" name="setup" is-config="true" duration-ms="17179" started-at="2020-02-11T19:27:46Z" finished-at="2020-02-11T19:28:04Z">
          <reporter-output>
          </reporter-output>
        </test-method> <!-- setup -->
        <test-method status="PASS" signature="dropDown()[pri:0, instance:com.salesfoce.qa.testcase.MainPageTest@1a84f40f]" name="dropDown" duration-ms="14452" started-at="2020-02-11T19:28:04Z" finished-at="2020-02-11T19:28:18Z">
          <reporter-output>
          </reporter-output>
        </test-method> <!-- dropDown -->
        <test-method status="PASS" signature="tearDown()[pri:0, instance:com.salesfoce.qa.testcase.MainPageTest@1a84f40f]" name="tearDown" is-config="true" duration-ms="1070" started-at="2020-02-11T19:28:18Z" finished-at="2020-02-11T19:28:19Z">
          <reporter-output>
          </reporter-output>
        </test-method> <!-- tearDown -->
      </class> <!-- com.salesfoce.qa.testcase.MainPageTest -->
      <class name="com.salesfoce.qa.testcase.LoginTest">
        <test-method status="PASS" signature="setup()[pri:0, instance:com.salesfoce.qa.testcase.LoginTest@48524010]" name="setup" is-config="true" duration-ms="11836" started-at="2020-02-11T19:28:19Z" finished-at="2020-02-11T19:28:31Z">
          <reporter-output>
          </reporter-output>
        </test-method> <!-- setup -->
        <test-method status="PASS" signature="NavigatetoSFDC()[pri:1, instance:com.salesfoce.qa.testcase.LoginTest@48524010]" name="NavigatetoSFDC" duration-ms="11095" started-at="2020-02-11T19:28:31Z" finished-at="2020-02-11T19:28:42Z">
          <reporter-output>
          </reporter-output>
        </test-method> <!-- NavigatetoSFDC -->
        <test-method status="PASS" signature="tearDown()[pri:0, instance:com.salesfoce.qa.testcase.LoginTest@48524010]" name="tearDown" is-config="true" duration-ms="1043" started-at="2020-02-11T19:28:42Z" finished-at="2020-02-11T19:28:43Z">
          <reporter-output>
          </reporter-output>
        </test-method> <!-- tearDown -->
      </class> <!-- com.salesfoce.qa.testcase.LoginTest -->
    </test> <!-- Test -->
  </suite> <!-- Suite -->
</testng-results>
